  소스.cpp
C:\Users\김휘곤\source\repos\PM_porject_Ver2\PM_project_Ver2\include\FreeImage.h(1,1): warning C4819: 현재 코드 페이지(949)에서 표시할 수 없는 문자가 파일에 들어 있습니다. 데이터가 손실되지 않게 하려면 해당 파일을 유니코드 형식으로 저장하십시오.
C:\Users\김휘곤\source\repos\PM_porject_Ver2\PM_project_Ver2\소스.cpp(19,10): warning C4067: 전처리기 지시문 다음에 예기치 않은 토큰이 있습니다. 줄 바꿈 문자가 필요합니다.
C:\Users\김휘곤\source\repos\PM_porject_Ver2\PM_project_Ver2\소스.cpp(168,40): warning C4244: '인수': 'int'에서 'float'(으)로 변환하면서 데이터가 손실될 수 있습니다.
C:\Users\김휘곤\source\repos\PM_porject_Ver2\PM_project_Ver2\소스.cpp(508,134): warning C4244: '인수': 'double'에서 'int'(으)로 변환하면서 데이터가 손실될 수 있습니다.
C:\Users\김휘곤\source\repos\PM_porject_Ver2\PM_project_Ver2\소스.cpp(508,121): warning C4244: '인수': 'double'에서 'int'(으)로 변환하면서 데이터가 손실될 수 있습니다.
C:\Users\김휘곤\source\repos\PM_porject_Ver2\PM_project_Ver2\소스.cpp(509,134): warning C4244: '인수': 'double'에서 'int'(으)로 변환하면서 데이터가 손실될 수 있습니다.
C:\Users\김휘곤\source\repos\PM_porject_Ver2\PM_project_Ver2\소스.cpp(509,121): warning C4244: '인수': 'double'에서 'int'(으)로 변환하면서 데이터가 손실될 수 있습니다.
C:\Users\김휘곤\source\repos\PM_porject_Ver2\PM_project_Ver2\소스.cpp(732,57): warning C4244: '인수': 'int'에서 'GLfloat'(으)로 변환하면서 데이터가 손실될 수 있습니다.
C:\Users\김휘곤\source\repos\PM_porject_Ver2\PM_project_Ver2\소스.cpp(741,39): warning C4244: '인수': 'int'에서 'GLfloat'(으)로 변환하면서 데이터가 손실될 수 있습니다.
C:\Users\김휘곤\source\repos\PM_porject_Ver2\PM_project_Ver2\소스.cpp(747,40): warning C4244: '인수': 'int'에서 'GLfloat'(으)로 변환하면서 데이터가 손실될 수 있습니다.
C:\Users\김휘곤\source\repos\PM_porject_Ver2\PM_project_Ver2\소스.cpp(759,57): warning C4244: '인수': 'int'에서 'GLfloat'(으)로 변환하면서 데이터가 손실될 수 있습니다.
C:\Users\김휘곤\source\repos\PM_porject_Ver2\PM_project_Ver2\소스.cpp(768,39): warning C4244: '인수': 'int'에서 'GLfloat'(으)로 변환하면서 데이터가 손실될 수 있습니다.
C:\Users\김휘곤\source\repos\PM_porject_Ver2\PM_project_Ver2\소스.cpp(774,40): warning C4244: '인수': 'int'에서 'GLfloat'(으)로 변환하면서 데이터가 손실될 수 있습니다.
C:\Users\김휘곤\source\repos\PM_porject_Ver2\PM_project_Ver2\소스.cpp(1071,49): warning C4244: '인수': 'int'에서 'float'(으)로 변환하면서 데이터가 손실될 수 있습니다.
C:\Users\김휘곤\source\repos\PM_porject_Ver2\PM_project_Ver2\소스.cpp(1086,45): warning C4244: '인수': 'int'에서 'float'(으)로 변환하면서 데이터가 손실될 수 있습니다.
C:\Users\김휘곤\source\repos\PM_porject_Ver2\PM_project_Ver2\소스.cpp(1484,46): warning C4244: '인수': 'int'에서 'float'(으)로 변환하면서 데이터가 손실될 수 있습니다.
C:\Users\김휘곤\source\repos\PM_porject_Ver2\PM_project_Ver2\소스.cpp(1489,34): warning C4244: '인수': 'int'에서 'float'(으)로 변환하면서 데이터가 손실될 수 있습니다.
C:\Users\김휘곤\source\repos\PM_porject_Ver2\PM_project_Ver2\소스.cpp(1494,34): warning C4244: '인수': 'int'에서 'float'(으)로 변환하면서 데이터가 손실될 수 있습니다.
C:\Users\김휘곤\source\repos\PM_porject_Ver2\PM_project_Ver2\소스.cpp(1499,38): warning C4244: '인수': 'int'에서 'float'(으)로 변환하면서 데이터가 손실될 수 있습니다.
C:\Users\김휘곤\source\repos\PM_porject_Ver2\PM_project_Ver2\소스.cpp(1503,38): warning C4244: '인수': 'int'에서 'float'(으)로 변환하면서 데이터가 손실될 수 있습니다.
C:\Users\김휘곤\source\repos\PM_porject_Ver2\PM_project_Ver2\소스.cpp(1505,38): warning C4244: '인수': 'int'에서 'float'(으)로 변환하면서 데이터가 손실될 수 있습니다.
C:\Users\김휘곤\source\repos\PM_porject_Ver2\PM_project_Ver2\소스.cpp(1758,41): warning C4244: '인수': 'int'에서 'float'(으)로 변환하면서 데이터가 손실될 수 있습니다.
C:\Users\김휘곤\source\repos\PM_porject_Ver2\PM_project_Ver2\소스.cpp(1759,49): warning C4244: '인수': 'int'에서 'float'(으)로 변환하면서 데이터가 손실될 수 있습니다.
C:\Users\김휘곤\source\repos\PM_porject_Ver2\PM_project_Ver2\소스.cpp(1760,49): warning C4244: '인수': 'int'에서 'float'(으)로 변환하면서 데이터가 손실될 수 있습니다.
C:\Users\김휘곤\source\repos\PM_porject_Ver2\PM_project_Ver2\소스.cpp(1832,42): warning C4244: '인수': 'int'에서 'float'(으)로 변환하면서 데이터가 손실될 수 있습니다.
C:\Users\김휘곤\source\repos\PM_porject_Ver2\PM_project_Ver2\소스.cpp(1833,50): warning C4244: '인수': 'int'에서 'float'(으)로 변환하면서 데이터가 손실될 수 있습니다.
C:\Users\김휘곤\source\repos\PM_porject_Ver2\PM_project_Ver2\소스.cpp(1834,50): warning C4244: '인수': 'int'에서 'float'(으)로 변환하면서 데이터가 손실될 수 있습니다.
C:\Users\김휘곤\source\repos\PM_porject_Ver2\PM_project_Ver2\소스.cpp(2257,190): warning C4244: '인수': 'double'에서 'int'(으)로 변환하면서 데이터가 손실될 수 있습니다.
C:\Users\김휘곤\source\repos\PM_porject_Ver2\PM_project_Ver2\소스.cpp(2257,177): warning C4244: '인수': 'double'에서 'int'(으)로 변환하면서 데이터가 손실될 수 있습니다.
C:\Users\김휘곤\source\repos\PM_porject_Ver2\PM_project_Ver2\소스.cpp(2258,190): warning C4244: '인수': 'double'에서 'int'(으)로 변환하면서 데이터가 손실될 수 있습니다.
C:\Users\김휘곤\source\repos\PM_porject_Ver2\PM_project_Ver2\소스.cpp(2258,177): warning C4244: '인수': 'double'에서 'int'(으)로 변환하면서 데이터가 손실될 수 있습니다.
C:\Users\김휘곤\source\repos\PM_porject_Ver2\PM_project_Ver2\소스.cpp(2271,190): warning C4244: '인수': 'double'에서 'int'(으)로 변환하면서 데이터가 손실될 수 있습니다.
C:\Users\김휘곤\source\repos\PM_porject_Ver2\PM_project_Ver2\소스.cpp(2271,177): warning C4244: '인수': 'double'에서 'int'(으)로 변환하면서 데이터가 손실될 수 있습니다.
C:\Users\김휘곤\source\repos\PM_porject_Ver2\PM_project_Ver2\소스.cpp(2272,190): warning C4244: '인수': 'double'에서 'int'(으)로 변환하면서 데이터가 손실될 수 있습니다.
C:\Users\김휘곤\source\repos\PM_porject_Ver2\PM_project_Ver2\소스.cpp(2272,177): warning C4244: '인수': 'double'에서 'int'(으)로 변환하면서 데이터가 손실될 수 있습니다.
C:\Users\김휘곤\source\repos\PM_porject_Ver2\PM_project_Ver2\소스.cpp(2298,190): warning C4244: '인수': 'double'에서 'int'(으)로 변환하면서 데이터가 손실될 수 있습니다.
C:\Users\김휘곤\source\repos\PM_porject_Ver2\PM_project_Ver2\소스.cpp(2298,177): warning C4244: '인수': 'double'에서 'int'(으)로 변환하면서 데이터가 손실될 수 있습니다.
C:\Users\김휘곤\source\repos\PM_porject_Ver2\PM_project_Ver2\소스.cpp(2299,190): warning C4244: '인수': 'double'에서 'int'(으)로 변환하면서 데이터가 손실될 수 있습니다.
C:\Users\김휘곤\source\repos\PM_porject_Ver2\PM_project_Ver2\소스.cpp(2299,177): warning C4244: '인수': 'double'에서 'int'(으)로 변환하면서 데이터가 손실될 수 있습니다.
C:\Users\김휘곤\source\repos\PM_porject_Ver2\PM_project_Ver2\소스.cpp(2312,190): warning C4244: '인수': 'double'에서 'int'(으)로 변환하면서 데이터가 손실될 수 있습니다.
C:\Users\김휘곤\source\repos\PM_porject_Ver2\PM_project_Ver2\소스.cpp(2312,177): warning C4244: '인수': 'double'에서 'int'(으)로 변환하면서 데이터가 손실될 수 있습니다.
C:\Users\김휘곤\source\repos\PM_porject_Ver2\PM_project_Ver2\소스.cpp(2313,190): warning C4244: '인수': 'double'에서 'int'(으)로 변환하면서 데이터가 손실될 수 있습니다.
C:\Users\김휘곤\source\repos\PM_porject_Ver2\PM_project_Ver2\소스.cpp(2313,177): warning C4244: '인수': 'double'에서 'int'(으)로 변환하면서 데이터가 손실될 수 있습니다.
C:\Users\김휘곤\source\repos\PM_porject_Ver2\PM_project_Ver2\소스.cpp(2345,190): warning C4244: '인수': 'double'에서 'int'(으)로 변환하면서 데이터가 손실될 수 있습니다.
C:\Users\김휘곤\source\repos\PM_porject_Ver2\PM_project_Ver2\소스.cpp(2345,177): warning C4244: '인수': 'double'에서 'int'(으)로 변환하면서 데이터가 손실될 수 있습니다.
C:\Users\김휘곤\source\repos\PM_porject_Ver2\PM_project_Ver2\소스.cpp(2346,190): warning C4244: '인수': 'double'에서 'int'(으)로 변환하면서 데이터가 손실될 수 있습니다.
C:\Users\김휘곤\source\repos\PM_porject_Ver2\PM_project_Ver2\소스.cpp(2346,177): warning C4244: '인수': 'double'에서 'int'(으)로 변환하면서 데이터가 손실될 수 있습니다.
C:\Users\김휘곤\source\repos\PM_porject_Ver2\PM_project_Ver2\소스.cpp(2359,190): warning C4244: '인수': 'double'에서 'int'(으)로 변환하면서 데이터가 손실될 수 있습니다.
C:\Users\김휘곤\source\repos\PM_porject_Ver2\PM_project_Ver2\소스.cpp(2359,177): warning C4244: '인수': 'double'에서 'int'(으)로 변환하면서 데이터가 손실될 수 있습니다.
C:\Users\김휘곤\source\repos\PM_porject_Ver2\PM_project_Ver2\소스.cpp(2360,190): warning C4244: '인수': 'double'에서 'int'(으)로 변환하면서 데이터가 손실될 수 있습니다.
C:\Users\김휘곤\source\repos\PM_porject_Ver2\PM_project_Ver2\소스.cpp(2360,177): warning C4244: '인수': 'double'에서 'int'(으)로 변환하면서 데이터가 손실될 수 있습니다.
C:\Users\김휘곤\source\repos\PM_porject_Ver2\PM_project_Ver2\소스.cpp(2411,190): warning C4244: '인수': 'double'에서 'int'(으)로 변환하면서 데이터가 손실될 수 있습니다.
C:\Users\김휘곤\source\repos\PM_porject_Ver2\PM_project_Ver2\소스.cpp(2411,177): warning C4244: '인수': 'double'에서 'int'(으)로 변환하면서 데이터가 손실될 수 있습니다.
C:\Users\김휘곤\source\repos\PM_porject_Ver2\PM_project_Ver2\소스.cpp(2412,190): warning C4244: '인수': 'double'에서 'int'(으)로 변환하면서 데이터가 손실될 수 있습니다.
C:\Users\김휘곤\source\repos\PM_porject_Ver2\PM_project_Ver2\소스.cpp(2412,177): warning C4244: '인수': 'double'에서 'int'(으)로 변환하면서 데이터가 손실될 수 있습니다.
C:\Users\김휘곤\source\repos\PM_porject_Ver2\PM_project_Ver2\소스.cpp(2425,190): warning C4244: '인수': 'double'에서 'int'(으)로 변환하면서 데이터가 손실될 수 있습니다.
C:\Users\김휘곤\source\repos\PM_porject_Ver2\PM_project_Ver2\소스.cpp(2425,177): warning C4244: '인수': 'double'에서 'int'(으)로 변환하면서 데이터가 손실될 수 있습니다.
C:\Users\김휘곤\source\repos\PM_porject_Ver2\PM_project_Ver2\소스.cpp(2426,190): warning C4244: '인수': 'double'에서 'int'(으)로 변환하면서 데이터가 손실될 수 있습니다.
C:\Users\김휘곤\source\repos\PM_porject_Ver2\PM_project_Ver2\소스.cpp(2426,177): warning C4244: '인수': 'double'에서 'int'(으)로 변환하면서 데이터가 손실될 수 있습니다.
  PM_project_Ver2.vcxproj -> C:\Users\김휘곤\source\repos\PM_porject_Ver2\x64\Debug\PM_project_Ver2.exe
